2023-10-27 09:54:09 | INFO | INFORMAÇÕES DA URL BAIXADA COM SUCESSO.
2023-10-27 09:54:11 | INFO | LEITURA E ARMAZENAMENTO DO CONTEÚDO DO ZIP REALIZADO COM SUCESSO.
2023-10-27 09:54:35 | INFO | ARMAZENANDO DADOS DE REGISTRO SOBRE OS CNPJS.
2023-10-27 09:54:36 | INFO | MESCLANDO OS DADOS ATRAVÉS DA COLUNA CNPJ E ESCOLHE AS COLUNAS DESEJADAS.
2023-10-27 09:54:36 | INFO | ORGANIZANDO DADOS E FILTRANDO OS 15 MELHORES FUNDOS.
2023-10-27 10:02:04 | INFO | INFORMAÇÕES DA URL BAIXADA COM SUCESSO.
2023-10-27 10:02:06 | INFO | LEITURA E ARMAZENAMENTO DO CONTEÚDO DO ZIP REALIZADO COM SUCESSO.
2023-10-27 10:02:33 | INFO | ARMAZENANDO DADOS DE REGISTRO SOBRE OS CNPJS.
2023-10-27 10:02:33 | INFO | MESCLANDO OS DADOS ATRAVÉS DA COLUNA CNPJ E ESCOLHE AS COLUNAS DESEJADAS.
2023-10-27 10:02:33 | INFO | ORGANIZANDO DADOS E FILTRANDO OS 15 MELHORES FUNDOS.
2023-10-27 10:04:40 | INFO | INFORMAÇÕES DA URL BAIXADA COM SUCESSO.
2023-10-27 10:04:42 | INFO | LEITURA E ARMAZENAMENTO DO CONTEÚDO DO ZIP REALIZADO COM SUCESSO.
2023-10-27 10:05:07 | INFO | ARMAZENANDO DADOS DE REGISTRO SOBRE OS CNPJS.
2023-10-27 10:05:08 | INFO | MESCLANDO OS DADOS ATRAVÉS DA COLUNA CNPJ E ESCOLHE AS COLUNAS DESEJADAS.
2023-10-27 10:05:08 | INFO | ORGANIZANDO DADOS E FILTRANDO OS 15 MELHORES FUNDOS.
2023-10-27 10:10:58 | INFO | INFORMAÇÕES DA URL BAIXADA COM SUCESSO.
2023-10-27 10:11:00 | INFO | LEITURA E ARMAZENAMENTO DO CONTEÚDO DO ZIP REALIZADO COM SUCESSO.
2023-10-27 10:11:25 | INFO | ARMAZENANDO DADOS DE REGISTRO SOBRE OS CNPJS.
2023-10-27 10:11:25 | INFO | MESCLANDO OS DADOS ATRAVÉS DA COLUNA CNPJ E ESCOLHE AS COLUNAS DESEJADAS.
2023-10-27 10:11:26 | INFO | ORGANIZANDO DADOS E FILTRANDO OS 15 MELHORES FUNDOS.
2023-10-27 10:15:56 | INFO | INFORMAÇÕES DA URL BAIXADA COM SUCESSO.
2023-10-27 10:15:58 | INFO | LEITURA E ARMAZENAMENTO DO CONTEÚDO DO ZIP REALIZADO COM SUCESSO.
2023-10-27 10:16:23 | INFO | ARMAZENANDO DADOS DE REGISTRO SOBRE OS CNPJS.
2023-10-27 10:16:24 | INFO | MESCLANDO OS DADOS ATRAVÉS DA COLUNA CNPJ E ESCOLHE AS COLUNAS DESEJADAS.
2023-10-27 10:16:24 | INFO | ORGANIZANDO DADOS E FILTRANDO OS 15 MELHORES FUNDOS.
2023-10-27 10:30:40 | INFO | INFORMAÇÕES DA URL BAIXADA COM SUCESSO.
2023-10-27 10:30:41 | INFO | LEITURA E ARMAZENAMENTO DO CONTEÚDO DO ZIP REALIZADO COM SUCESSO.
2023-10-27 10:31:06 | INFO | ARMAZENANDO DADOS DE REGISTRO SOBRE OS CNPJS.
2023-10-27 10:31:06 | INFO | MESCLANDO OS DADOS ATRAVÉS DA COLUNA CNPJ E ESCOLHE AS COLUNAS DESEJADAS.
2023-10-27 10:31:06 | INFO | ORGANIZANDO DADOS E FILTRANDO OS 15 MELHORES FUNDOS.
2023-10-27 10:36:41 | INFO | INFORMAÇÕES DA URL BAIXADA COM SUCESSO.
2023-10-27 10:36:42 | INFO | LEITURA E ARMAZENAMENTO DO CONTEÚDO DO ZIP REALIZADO COM SUCESSO.
2023-10-27 10:37:08 | INFO | ARMAZENANDO DADOS DE REGISTRO SOBRE OS CNPJS.
2023-10-27 10:37:08 | INFO | MESCLANDO OS DADOS ATRAVÉS DA COLUNA CNPJ E ESCOLHE AS COLUNAS DESEJADAS.
2023-10-27 10:37:08 | INFO | ORGANIZANDO DADOS E FILTRANDO OS 15 MELHORES FUNDOS.
2023-10-27 10:41:44 | INFO | INFORMAÇÕES DA URL BAIXADA COM SUCESSO.
2023-10-27 10:41:46 | INFO | LEITURA E ARMAZENAMENTO DO CONTEÚDO DO ZIP REALIZADO COM SUCESSO.
2023-10-27 10:42:11 | INFO | ARMAZENANDO DADOS DE REGISTRO SOBRE OS CNPJS.
2023-10-27 10:42:11 | INFO | MESCLANDO OS DADOS ATRAVÉS DA COLUNA CNPJ E ESCOLHE AS COLUNAS DESEJADAS.
2023-10-27 10:42:11 | INFO | ORGANIZANDO DADOS E FILTRANDO OS 15 MELHORES FUNDOS.
2023-10-27 10:57:01 | INFO | INFORMAÇÕES DA URL BAIXADA COM SUCESSO.
2023-10-27 10:57:03 | INFO | LEITURA E ARMAZENAMENTO DO CONTEÚDO DO ZIP REALIZADO COM SUCESSO.
2023-10-27 10:57:55 | INFO | INFORMAÇÕES DA URL BAIXADA COM SUCESSO.
2023-10-27 10:57:56 | INFO | LEITURA E ARMAZENAMENTO DO CONTEÚDO DO ZIP REALIZADO COM SUCESSO.
2023-10-27 10:58:21 | INFO | ARMAZENANDO DADOS DE REGISTRO SOBRE OS CNPJS.
2023-10-27 10:58:21 | INFO | MESCLANDO OS DADOS ATRAVÉS DA COLUNA CNPJ E ESCOLHE AS COLUNAS DESEJADAS.
2023-10-27 10:58:22 | INFO | ORGANIZANDO DADOS E FILTRANDO OS 15 MELHORES FUNDOS.
2023-10-27 11:07:43 | INFO | INFORMAÇÕES DA URL BAIXADA COM SUCESSO.
2023-10-27 11:07:44 | INFO | LEITURA E ARMAZENAMENTO DO CONTEÚDO DO ZIP REALIZADO COM SUCESSO.
2023-10-27 11:08:09 | INFO | ARMAZENANDO DADOS DE REGISTRO SOBRE OS CNPJS.
2023-10-27 11:08:09 | INFO | MESCLANDO OS DADOS ATRAVÉS DA COLUNA CNPJ E ESCOLHE AS COLUNAS DESEJADAS.
2023-10-27 11:08:09 | INFO | ORGANIZANDO DADOS E FILTRANDO OS 15 MELHORES FUNDOS.
2023-10-27 11:10:30 | INFO | INFORMAÇÕES DA URL BAIXADA COM SUCESSO.
2023-10-27 11:10:32 | INFO | LEITURA E ARMAZENAMENTO DO CONTEÚDO DO ZIP REALIZADO COM SUCESSO.
2023-10-27 11:11:00 | INFO | ARMAZENANDO DADOS DE REGISTRO SOBRE OS CNPJS.
2023-10-27 11:11:00 | INFO | MESCLANDO OS DADOS ATRAVÉS DA COLUNA CNPJ E ESCOLHE AS COLUNAS DESEJADAS.
2023-10-27 11:11:00 | INFO | ORGANIZANDO DADOS E FILTRANDO OS 15 MELHORES FUNDOS.
2023-10-27 11:24:05 | INFO | INFORMAÇÕES DA URL BAIXADA COM SUCESSO.
2023-10-27 11:24:07 | INFO | LEITURA E ARMAZENAMENTO DO CONTEÚDO DO ZIP REALIZADO COM SUCESSO.
2023-10-27 11:24:36 | INFO | ARMAZENANDO DADOS DE REGISTRO SOBRE OS CNPJS.
2023-10-27 11:24:36 | INFO | MESCLANDO OS DADOS ATRAVÉS DA COLUNA CNPJ E ESCOLHE AS COLUNAS DESEJADAS.
2023-10-27 11:24:37 | INFO | ORGANIZANDO DADOS E FILTRANDO OS 15 MELHORES FUNDOS.
2023-10-27 11:36:00 | INFO | INFORMAÇÕES DA URL BAIXADA COM SUCESSO.
2023-10-27 11:36:02 | INFO | LEITURA E ARMAZENAMENTO DO CONTEÚDO DO ZIP REALIZADO COM SUCESSO.
2023-10-27 11:36:33 | INFO | ARMAZENANDO DADOS DE REGISTRO SOBRE OS CNPJS.
2023-10-27 11:36:34 | INFO | MESCLANDO OS DADOS ATRAVÉS DA COLUNA CNPJ E ESCOLHE AS COLUNAS DESEJADAS.
2023-10-27 11:36:34 | INFO | ORGANIZANDO DADOS E FILTRANDO OS 15 MELHORES FUNDOS.
2023-10-27 11:48:18 | INFO | INFORMAÇÕES DA URL BAIXADA COM SUCESSO.
2023-10-27 11:48:20 | INFO | LEITURA E ARMAZENAMENTO DO CONTEÚDO DO ZIP REALIZADO COM SUCESSO.
2023-10-27 11:48:44 | INFO | ARMAZENANDO DADOS DE REGISTRO SOBRE OS CNPJS.
2023-10-27 11:48:45 | INFO | MESCLANDO OS DADOS ATRAVÉS DA COLUNA CNPJ E ESCOLHE AS COLUNAS DESEJADAS.
2023-10-27 11:48:49 | INFO | ORGANIZANDO DADOS E FILTRANDO OS 15 MELHORES FUNDOS.
