2023-10-30 11:17:02 | INFO | CONFIGURAÇÃO PARA 4 CASAS DECIMAIS NOS N°S COM PONTO FLUTUANTE REALIZADA COM SUCESSO.
2023-10-30 11:17:02 | INFO | NOME DO DIRETÓRIO COLETADO COM SUCESSO.
2023-10-30 11:17:02 | INFO | DATA REFERÊNCIA COLETADA COM SUCESSO.
2023-10-30 11:17:02 | INFO | NOME DO ARQUIVO COLETADO COM SUCESSO.
2023-10-30 11:17:12 | INFO | INFORMAÇÕES DA URL BAIXADA COM SUCESSO.
2023-10-30 11:17:14 | INFO | LEITURA E ARMAZENAMENTO DO CONTEÚDO DO ZIP REALIZADO COM SUCESSO.
2023-10-30 11:17:36 | INFO | ARMAZENANDO DADOS DE REGISTRO SOBRE OS CNPJS.
2023-10-30 11:17:36 | INFO | MESCLANDO OS DADOS ATRAVÉS DA COLUNA CNPJ E ESCOLHE AS COLUNAS DESEJADAS.
2023-10-30 11:17:36 | INFO | ORGANIZANDO DADOS E FILTRANDO OS 15 MELHORES FUNDOS.
2023-10-30 11:22:39 | INFO | GRÁFICO DE ANÁLISE DOS 'TOPRANGE' FUNDOS COM MAIORES PATRIMÔNIOS LÍQUIDOS.
2023-10-30 11:29:04 | INFO | CONFIGURAÇÃO PARA 4 CASAS DECIMAIS NOS N°S COM PONTO FLUTUANTE REALIZADA COM SUCESSO.
2023-10-30 11:29:04 | INFO | NOME DO DIRETÓRIO COLETADO COM SUCESSO.
2023-10-30 11:29:04 | INFO | DATA REFERÊNCIA COLETADA COM SUCESSO.
2023-10-30 11:29:04 | INFO | NOME DO ARQUIVO COLETADO COM SUCESSO.
2023-10-30 11:29:15 | INFO | INFORMAÇÕES DA URL BAIXADA COM SUCESSO.
2023-10-30 11:29:17 | INFO | LEITURA E ARMAZENAMENTO DO CONTEÚDO DO ZIP REALIZADO COM SUCESSO.
2023-10-30 11:29:35 | INFO | ARMAZENANDO DADOS DE REGISTRO SOBRE OS CNPJS.
2023-10-30 11:29:35 | INFO | MESCLANDO OS DADOS ATRAVÉS DA COLUNA CNPJ E ESCOLHE AS COLUNAS DESEJADAS.
2023-10-30 11:29:35 | INFO | ORGANIZANDO DADOS E FILTRANDO OS 15 MELHORES FUNDOS.
2023-10-30 11:32:25 | INFO | GRÁFICO DE ANÁLISE DOS 'TOPRANGE' FUNDOS COM MAIORES PATRIMÔNIOS LÍQUIDOS.
2023-10-30 11:32:40 | INFO | GRÁFICO DE ANÁLISE DA EVOLUÇÃO DO VALOR PATRIMONIAL LÍQUIDO DOS 'TOPRANGE' AO LONGO DO TEMPO.
2023-10-30 11:32:59 | INFO | GRÁFICO DE ANÁLISE DA DISTRIBUIÇÃO DOS TIPOS DE FUNDOS OCUPADOS NO 'TOPRANGE'.
2023-10-30 11:33:04 | INFO | GRÁFICO DE ANÁLISE DA DISTRIBUIÇÃO GERAL DOS TIPOS DE FUNDOS OCUPADOS NO 'TOPRANGE'.
2023-10-30 11:33:20 | INFO | CONVERSÃO DO DATAFRAME PARA TIPO EXCEL REALIZADA COM SUCESSO.
2023-10-30 11:33:30 | INFO | CONVERSÃO DO DATAFRAME PARA TIPO EXCEL REALIZADA COM SUCESSO.
2023-10-30 11:34:30 | INFO | CONVERSÃO DO DATAFRAME PARA TIPO EXCEL REALIZADA COM SUCESSO.
2023-10-30 11:38:37 | INFO | CONFIGURAÇÃO PARA 4 CASAS DECIMAIS NOS N°S COM PONTO FLUTUANTE REALIZADA COM SUCESSO.
2023-10-30 11:38:37 | INFO | NOME DO DIRETÓRIO COLETADO COM SUCESSO.
2023-10-30 11:38:37 | INFO | DATA REFERÊNCIA COLETADA COM SUCESSO.
2023-10-30 11:38:37 | INFO | NOME DO ARQUIVO COLETADO COM SUCESSO.
2023-10-30 11:38:48 | INFO | INFORMAÇÕES DA URL BAIXADA COM SUCESSO.
2023-10-30 11:38:49 | INFO | LEITURA E ARMAZENAMENTO DO CONTEÚDO DO ZIP REALIZADO COM SUCESSO.
2023-10-30 11:39:12 | INFO | ARMAZENANDO DADOS DE REGISTRO SOBRE OS CNPJS.
2023-10-30 11:39:12 | INFO | MESCLANDO OS DADOS ATRAVÉS DA COLUNA CNPJ E ESCOLHE AS COLUNAS DESEJADAS.
2023-10-30 11:39:13 | INFO | ORGANIZANDO DADOS E FILTRANDO OS 15 MELHORES FUNDOS.
2023-10-30 11:43:53 | INFO | GRÁFICO DE ANÁLISE DOS 'TOPRANGE' FUNDOS COM MAIORES PATRIMÔNIOS LÍQUIDOS.
2023-10-30 11:44:02 | INFO | GRÁFICO DE ANÁLISE DA EVOLUÇÃO DO VALOR PATRIMONIAL LÍQUIDO DOS 'TOPRANGE' AO LONGO DO TEMPO.
2023-10-30 11:44:12 | INFO | GRÁFICO DE ANÁLISE DA DISTRIBUIÇÃO DOS TIPOS DE FUNDOS OCUPADOS NO 'TOPRANGE'.
2023-10-30 11:44:18 | INFO | GRÁFICO DE ANÁLISE DA DISTRIBUIÇÃO GERAL DOS TIPOS DE FUNDOS OCUPADOS NO 'TOPRANGE'.
2023-10-30 11:47:41 | INFO | CONFIGURAÇÃO PARA 4 CASAS DECIMAIS NOS N°S COM PONTO FLUTUANTE REALIZADA COM SUCESSO.
2023-10-30 11:47:41 | INFO | NOME DO DIRETÓRIO COLETADO COM SUCESSO.
2023-10-30 11:47:41 | INFO | DATA REFERÊNCIA COLETADA COM SUCESSO.
2023-10-30 11:47:41 | INFO | NOME DO ARQUIVO COLETADO COM SUCESSO.
2023-10-30 11:47:59 | INFO | INFORMAÇÕES DA URL BAIXADA COM SUCESSO.
2023-10-30 11:48:02 | INFO | LEITURA E ARMAZENAMENTO DO CONTEÚDO DO ZIP REALIZADO COM SUCESSO.
2023-10-30 11:48:25 | INFO | ARMAZENANDO DADOS DE REGISTRO SOBRE OS CNPJS.
2023-10-30 11:48:26 | INFO | MESCLANDO OS DADOS ATRAVÉS DA COLUNA CNPJ E ESCOLHE AS COLUNAS DESEJADAS.
2023-10-30 11:48:26 | INFO | ORGANIZANDO DADOS E FILTRANDO OS 15 MELHORES FUNDOS.
2023-10-30 11:51:51 | INFO | CONFIGURAÇÃO PARA 4 CASAS DECIMAIS NOS N°S COM PONTO FLUTUANTE REALIZADA COM SUCESSO.
2023-10-30 11:51:51 | INFO | NOME DO DIRETÓRIO COLETADO COM SUCESSO.
2023-10-30 11:51:51 | INFO | DATA REFERÊNCIA COLETADA COM SUCESSO.
2023-10-30 11:51:51 | INFO | NOME DO ARQUIVO COLETADO COM SUCESSO.
2023-10-30 11:52:00 | INFO | INFORMAÇÕES DA URL BAIXADA COM SUCESSO.
2023-10-30 11:52:02 | INFO | LEITURA E ARMAZENAMENTO DO CONTEÚDO DO ZIP REALIZADO COM SUCESSO.
2023-10-30 11:52:28 | INFO | ARMAZENANDO DADOS DE REGISTRO SOBRE OS CNPJS.
2023-10-30 11:52:28 | INFO | MESCLANDO OS DADOS ATRAVÉS DA COLUNA CNPJ E ESCOLHE AS COLUNAS DESEJADAS.
2023-10-30 11:52:29 | INFO | ORGANIZANDO DADOS E FILTRANDO OS 15 MELHORES FUNDOS.
2023-10-30 11:55:44 | INFO | GRÁFICO DE ANÁLISE DOS 'TOPRANGE' FUNDOS COM MAIORES PATRIMÔNIOS LÍQUIDOS.
2023-10-30 11:55:52 | INFO | GRÁFICO DE ANÁLISE DA EVOLUÇÃO DO VALOR PATRIMONIAL LÍQUIDO DOS 'TOPRANGE' AO LONGO DO TEMPO.
2023-10-30 11:56:01 | INFO | GRÁFICO DE ANÁLISE DA DISTRIBUIÇÃO DOS TIPOS DE FUNDOS OCUPADOS NO 'TOPRANGE'.
2023-10-30 11:56:09 | INFO | GRÁFICO DE ANÁLISE DA DISTRIBUIÇÃO GERAL DOS TIPOS DE FUNDOS OCUPADOS NO 'TOPRANGE'.
2023-10-30 11:56:37 | INFO | CONVERSÃO DO DATAFRAME PARA TIPO EXCEL REALIZADA COM SUCESSO.
2023-10-30 11:56:55 | INFO | CONVERSÃO DO DATAFRAME PARA TIPO EXCEL REALIZADA COM SUCESSO.
2023-10-30 11:57:21 | INFO | OCORREU UM ERRO AO TENTAR SUBIR OBJETO AO BUCKET: cannot access local variable 'e' where it is not associated with a value
2023-10-30 11:57:21 | INFO | OCORREU UM ERRO AO TENTAR SUBIR OBJETO AO BUCKET: cannot access local variable 'e' where it is not associated with a value
2023-10-30 11:57:22 | INFO | OCORREU UM ERRO AO TENTAR SUBIR OBJETO AO BUCKET: cannot access local variable 'e' where it is not associated with a value
2023-10-30 11:57:37 | INFO | OCORREU UM ERRO AO TENTAR SUBIR OBJETO AO BUCKET: cannot access local variable 'e' where it is not associated with a value
2023-10-30 11:57:38 | INFO | OCORREU UM ERRO AO TENTAR SUBIR OBJETO AO BUCKET: cannot access local variable 'e' where it is not associated with a value
2023-10-30 11:57:42 | INFO | OCORREU UM ERRO AO TENTAR SUBIR OBJETO AO BUCKET: cannot access local variable 'e' where it is not associated with a value
2023-10-30 11:57:42 | INFO | OCORREU UM ERRO AO TENTAR SUBIR OBJETO AO BUCKET: cannot access local variable 'e' where it is not associated with a value
2023-10-30 11:58:09 | INFO | TODOS OS ARQUIVOS (ZIP, CSV E GRÁFICOS) INSERIDOS NA PASTA Dados_CVM_202212 FORAM INSERIDOS NO BUCKET RESPECTIVO'.
2023-10-30 14:46:23 | INFO | CONFIGURAÇÃO PARA 4 CASAS DECIMAIS NOS N°S COM PONTO FLUTUANTE REALIZADA COM SUCESSO.
2023-10-30 14:46:23 | INFO | NOME DO DIRETÓRIO COLETADO COM SUCESSO.
2023-10-30 14:46:23 | INFO | DATA REFERÊNCIA COLETADA COM SUCESSO.
2023-10-30 14:46:23 | INFO | NOME DO ARQUIVO COLETADO COM SUCESSO.
2023-10-30 14:46:35 | INFO | INFORMAÇÕES DA URL BAIXADA COM SUCESSO.
2023-10-30 14:46:37 | INFO | LEITURA E ARMAZENAMENTO DO CONTEÚDO DO ZIP REALIZADO COM SUCESSO.
2023-10-30 14:46:56 | INFO | ARMAZENANDO DADOS DE REGISTRO SOBRE OS CNPJS.
